mode: set
github.com/19700101000000/lights-out/bruteforce/calc.go:13.54,25.39 6 1
github.com/19700101000000/lights-out/bruteforce/calc.go:28.2,28.39 1 1
github.com/19700101000000/lights-out/bruteforce/calc.go:38.2,38.22 1 1
github.com/19700101000000/lights-out/bruteforce/calc.go:44.2,44.15 1 1
github.com/19700101000000/lights-out/bruteforce/calc.go:25.39,27.3 1 1
github.com/19700101000000/lights-out/bruteforce/calc.go:28.39,29.10 1 1
github.com/19700101000000/lights-out/bruteforce/calc.go:30.29,31.20 1 1
github.com/19700101000000/lights-out/bruteforce/calc.go:34.4,34.35 1 1
github.com/19700101000000/lights-out/bruteforce/calc.go:31.20,32.13 1 1
github.com/19700101000000/lights-out/bruteforce/calc.go:38.22,39.43 1 1
github.com/19700101000000/lights-out/bruteforce/calc.go:42.3,42.22 1 1
github.com/19700101000000/lights-out/bruteforce/calc.go:39.43,41.4 1 0
github.com/19700101000000/lights-out/bruteforce/calc.go:46.55,48.40 2 1
github.com/19700101000000/lights-out/bruteforce/calc.go:61.2,61.17 1 1
github.com/19700101000000/lights-out/bruteforce/calc.go:48.40,50.41 2 1
github.com/19700101000000/lights-out/bruteforce/calc.go:59.3,59.19 1 1
github.com/19700101000000/lights-out/bruteforce/calc.go:50.41,51.20 1 1
github.com/19700101000000/lights-out/bruteforce/calc.go:57.4,57.20 1 1
github.com/19700101000000/lights-out/bruteforce/calc.go:52.11,53.18 1 1
github.com/19700101000000/lights-out/bruteforce/calc.go:54.12,55.19 1 1
github.com/19700101000000/lights-out/bruteforce/calc.go:64.77,66.24 2 1
github.com/19700101000000/lights-out/bruteforce/calc.go:70.2,72.40 2 1
github.com/19700101000000/lights-out/bruteforce/calc.go:80.2,81.40 2 1
github.com/19700101000000/lights-out/bruteforce/calc.go:95.2,99.8 2 1
github.com/19700101000000/lights-out/bruteforce/calc.go:66.24,69.3 2 1
github.com/19700101000000/lights-out/bruteforce/calc.go:72.40,73.41 1 1
github.com/19700101000000/lights-out/bruteforce/calc.go:73.41,74.24 1 1
github.com/19700101000000/lights-out/bruteforce/calc.go:74.24,76.5 1 1
github.com/19700101000000/lights-out/bruteforce/calc.go:81.40,82.41 1 1
github.com/19700101000000/lights-out/bruteforce/calc.go:82.41,83.19 1 1
github.com/19700101000000/lights-out/bruteforce/calc.go:90.4,90.24 1 1
github.com/19700101000000/lights-out/bruteforce/calc.go:83.19,89.5 2 1
github.com/19700101000000/lights-out/bruteforce/calc.go:90.24,92.5 1 1
github.com/19700101000000/lights-out/bruteforce/calc.go:101.54,103.14 2 1
github.com/19700101000000/lights-out/bruteforce/calc.go:106.2,106.16 1 1
github.com/19700101000000/lights-out/bruteforce/calc.go:109.2,109.14 1 1
github.com/19700101000000/lights-out/bruteforce/calc.go:112.2,112.16 1 1
github.com/19700101000000/lights-out/bruteforce/calc.go:103.14,105.3 1 1
github.com/19700101000000/lights-out/bruteforce/calc.go:106.16,108.3 1 1
github.com/19700101000000/lights-out/bruteforce/calc.go:109.14,111.3 1 1
github.com/19700101000000/lights-out/bruteforce/calc.go:112.16,114.3 1 1
